<?xml version="1.0" encoding="UTF-8"?>
<!-- Generated by org.testng.reporters.JUnitReportReporter -->
<testsuite hostname="DESKTOP-PKIP4S4" failures="0" tests="1" name="findElementXpathAxes.selectMenuItem" time="6.380" errors="0" timestamp="2023-07-01T03:48:51 ICT" skipped="0">
  <testcase classname="findElementXpathAxes.selectMenuItem" name="Test" time="6.380"/>
</testsuite> <!-- findElementXpathAxes.selectMenuItem -->
