<?xml version="1.0" encoding="UTF-8"?>
<!-- Generated by org.testng.reporters.JUnitReportReporter -->
<testsuite hostname="DESKTOP-PKIP4S4" failures="0" tests="1" name="findElementXpathAxes.Xgear_Xpath" time="15.592" errors="0" timestamp="2023-07-07T16:11:37 ICT" skipped="0">
  <testcase classname="findElementXpathAxes.Xgear_Xpath" name="Test" time="15.592"/>
</testsuite> <!-- findElementXpathAxes.Xgear_Xpath -->
