<?xml version="1.0" encoding="UTF-8"?>
<!-- Generated by org.testng.reporters.JUnitReportReporter -->
<testsuite hostname="DESKTOP-PKIP4S4" failures="0" tests="1" name="github_project.case3" time="1.900" errors="0" timestamp="2023-07-28T15:55:25 ICT" skipped="0">
  <testcase classname="github_project.case3" name="signIn" time="1.900">
    <system-out>
      <![CDATA[username entered
password entered
button clicked
error message is displayed]]>
    </system-out>
  </testcase> <!-- signIn -->
  <system-out>
    <![CDATA[username entered
password entered
button clicked
error message is displayed]]>
  </system-out>
</testsuite> <!-- github_project.case3 -->
