<?xml version="1.0" encoding="UTF-8"?>
<!-- Generated by org.testng.reporters.JUnitReportReporter -->
<testsuite hostname="DESKTOP-PKIP4S4" failures="0" tests="1" name="github_project.case3" time="2.431" errors="0" timestamp="2023-07-22T00:44:10 ICT" skipped="0">
  <testcase classname="github_project.case3" name="signIn" time="2.431">
    <system-out>
      <![CDATA[username entered
password entered
button clicked]]>
    </system-out>
  </testcase> <!-- signIn -->
  <system-out>
    <![CDATA[username entered
password entered
button clicked]]>
  </system-out>
</testsuite> <!-- github_project.case3 -->
