<?xml version="1.0" encoding="UTF-8"?>
<!-- Generated by org.testng.reporters.JUnitReportReporter -->
<testsuite hostname="DESKTOP-PKIP4S4" failures="0" tests="1" name="findElementXpathAxes.github_search_check" time="8.763" errors="0" timestamp="2023-07-14T16:41:54 ICT" skipped="0">
  <testcase classname="findElementXpathAxes.github_search_check" name="Test" time="8.763"/>
</testsuite> <!-- findElementXpathAxes.github_search_check -->
