<?xml version="1.0" encoding="UTF-8"?>
<!-- Generated by org.testng.reporters.JUnitReportReporter -->
<testsuite hostname="DESKTOP-PKIP4S4" failures="0" tests="1" name="findElementXpathAxes.selectMenuItem" time="5.065" errors="0" timestamp="2023-07-01T04:40:35 ICT" skipped="0">
  <testcase classname="findElementXpathAxes.selectMenuItem" name="Test" time="5.065"/>
</testsuite> <!-- findElementXpathAxes.selectMenuItem -->
