<?xml version="1.0" encoding="UTF-8"?>
<!-- Generated by org.testng.reporters.JUnitReportReporter -->
<testsuite hostname="DESKTOP-PKIP4S4" failures="0" tests="1" name="github_project.case2" time="2.028" errors="0" timestamp="2023-07-19T00:16:30 ICT" skipped="0">
  <testcase classname="github_project.case2" name="signIn" time="2.028"/>
</testsuite> <!-- github_project.case2 -->
