<?xml version="1.0" encoding="UTF-8"?>
<!-- Generated by org.testng.reporters.JUnitReportReporter -->
<testsuite hostname="DESKTOP-PKIP4S4" failures="0" tests="2" name="annotation_excercise.ex1" time="4.815" errors="0" timestamp="2023-07-14T17:49:51 ICT" skipped="0">
  <testcase classname="annotation_excercise.ex1" name="registerPage" time="1.808"/>
  <testcase classname="annotation_excercise.ex1" name="supportPage" time="3.007"/>
</testsuite> <!-- annotation_excercise.ex1 -->
