<?xml version="1.0" encoding="UTF-8"?>
<!-- Generated by org.testng.reporters.JUnitReportReporter -->
<testsuite hostname="DESKTOP-PKIP4S4" failures="0" tests="3" name="github_project.case2" time="4.770" errors="0" timestamp="2023-07-22T00:33:19 ICT" skipped="0">
  <testcase classname="github_project.case2" name="signIn" time="1.032"/>
  <testcase classname="github_project.case2" name="goToSignInPage" time="0.218"/>
  <testcase classname="github_project.case2" name="beforeTest" time="3.520"/>
</testsuite> <!-- github_project.case2 -->
