<?xml version="1.0" encoding="UTF-8"?>
<!-- Generated by org.testng.reporters.JUnitReportReporter -->
<testsuite hostname="DESKTOP-PKIP4S4" failures="0" tests="1" name="findElementXpathAxes.Xgear_Xpath" time="11.753" errors="0" timestamp="2023-07-06T21:27:26 ICT" skipped="0">
  <testcase classname="findElementXpathAxes.Xgear_Xpath" name="Test" time="11.753"/>
</testsuite> <!-- findElementXpathAxes.Xgear_Xpath -->
