<?xml version="1.0" encoding="UTF-8"?>
<!-- Generated by org.testng.reporters.JUnitReportReporter -->
<testsuite hostname="DESKTOP-PKIP4S4" failures="0" tests="1" name="findElementXpathAxes.Xgear_Xpath" time="11.409" errors="0" timestamp="2023-07-14T13:45:03 ICT" skipped="0">
  <testcase classname="findElementXpathAxes.Xgear_Xpath" name="Test" time="11.409"/>
</testsuite> <!-- findElementXpathAxes.Xgear_Xpath -->
