<?xml version="1.0" encoding="UTF-8"?>
<!-- Generated by org.testng.reporters.JUnitReportReporter -->
<testsuite hostname="DESKTOP-PKIP4S4" failures="0" tests="1" name="github_project.case2" time="2.044" errors="0" timestamp="2023-07-28T16:26:50 ICT" skipped="0">
  <testcase classname="github_project.case2" name="signIn" time="2.044">
    <system-out>
      <![CDATA[password entered
button clicked]]>
    </system-out>
  </testcase> <!-- signIn -->
  <system-out>
    <![CDATA[username entered
password entered
button clicked
Homepage is displayed
password entered
button clicked]]>
  </system-out>
</testsuite> <!-- github_project.case2 -->
