<?xml version="1.0" encoding="UTF-8"?>
<!-- Generated by org.testng.reporters.JUnitReportReporter -->
<testsuite hostname="DESKTOP-PKIP4S4" failures="0" tests="1" name="findElementXpathAxes.selectMenuItem" time="8.361" errors="0" timestamp="2023-07-14T12:30:57 ICT" skipped="0">
  <testcase classname="findElementXpathAxes.selectMenuItem" name="Test" time="8.361"/>
</testsuite> <!-- findElementXpathAxes.selectMenuItem -->
