<?xml version="1.0" encoding="UTF-8"?>
<!-- Generated by org.testng.reporters.JUnitReportReporter -->
<testsuite hostname="DESKTOP-PKIP4S4" failures="0" tests="1" name="j_testcase_github.Testcase_Login" time="25.129" errors="0" timestamp="2023-08-04T19:08:03 ICT" skipped="0">
  <testcase classname="j_testcase_github.Testcase_Login" name="test" time="25.129">
    <system-out>
      <![CDATA[username entered
password entered
button clicked
login successful
send feedback]]>
    </system-out>
  </testcase> <!-- test -->
  <system-out>
    <![CDATA[successfully proceeded to loginPage
username entered
password entered
button clicked
login successful
send feedback]]>
  </system-out>
</testsuite> <!-- j_testcase_github.Testcase_Login -->
