<?xml version="1.0" encoding="UTF-8"?>
<!-- Generated by org.testng.reporters.JUnitReportReporter -->
<testsuite hostname="DESKTOP-PKIP4S4" failures="0" tests="1" name="POI_POM.excel_read" time="0.650" errors="0" timestamp="2023-08-03T22:15:32 ICT" skipped="0">
  <testcase classname="POI_POM.excel_read" name="dataReadTest" time="0.650"/>
</testsuite> <!-- POI_POM.excel_read -->
