<?xml version="1.0" encoding="UTF-8"?>
<!-- Generated by org.testng.reporters.JUnitReportReporter -->
<testsuite hostname="DESKTOP-PKIP4S4" failures="0" tests="1" name="github_project.NewTest" time="2.901" errors="0" timestamp="2023-07-19T00:16:18 ICT" skipped="0">
  <testcase classname="github_project.NewTest" name="signIn" time="2.901"/>
</testsuite> <!-- github_project.NewTest -->
