<?xml version="1.0" encoding="UTF-8"?>
<!-- Generated by org.testng.reporters.JUnitReportReporter -->
<testsuite hostname="DESKTOP-PKIP4S4" failures="0" tests="1" name="github_project.case4" time="0.956" errors="0" timestamp="2023-07-22T00:46:47 ICT" skipped="0">
  <testcase classname="github_project.case4" name="signIn" time="0.956">
    <system-out>
      <![CDATA[button clicked]]>
    </system-out>
  </testcase> <!-- signIn -->
  <system-out>
    <![CDATA[button clicked]]>
  </system-out>
</testsuite> <!-- github_project.case4 -->
