<?xml version="1.0" encoding="UTF-8"?>
<!-- Generated by org.testng.reporters.JUnitReportReporter -->
<testsuite hostname="DESKTOP-PKIP4S4" failures="0" tests="1" name="github_project.NewTest" time="3.897" errors="0" timestamp="2023-07-28T16:51:31 ICT" skipped="0">
  <testcase classname="github_project.NewTest" name="signIn" time="3.897">
    <system-out>
      <![CDATA[username entered
password entered
button clicked
Homepage is displayed]]>
    </system-out>
  </testcase> <!-- signIn -->
  <system-out>
    <![CDATA[username entered
password entered
button clicked
Homepage is displayed]]>
  </system-out>
</testsuite> <!-- github_project.NewTest -->
