<?xml version="1.0" encoding="UTF-8"?>
<!-- Generated by org.testng.reporters.JUnitReportReporter -->
<testsuite hostname="DESKTOP-PKIP4S4" failures="0" tests="2" name="annotation_excercise.NewTest" time="6.259" errors="0" timestamp="2023-07-18T23:16:48 ICT" skipped="0">
  <testcase classname="annotation_excercise.NewTest" name="Login" time="1.267"/>
  <testcase classname="annotation_excercise.NewTest" name="inputInf" time="4.992"/>
</testsuite> <!-- annotation_excercise.NewTest -->
