<?xml version="1.0" encoding="UTF-8"?>
<!-- Generated by org.testng.reporters.JUnitReportReporter -->
<testsuite hostname="DESKTOP-PKIP4S4" failures="0" tests="1" name="GET_method.get_column_row_number" time="37.052" errors="0" timestamp="2023-07-08T01:20:27 ICT" skipped="0">
  <testcase classname="GET_method.get_column_row_number" name="Test" time="37.052"/>
</testsuite> <!-- GET_method.get_column_row_number -->
